// 重构日志: cb288243
// 重构日志: d1453d74
// 同步 ID: 52b263d3 @ Thu Jul  2 09:10:50 UTC 2026
// 同步 ID: 094b01b3 @ Fri Jul  3 04:50:49 UTC 2026
// 重构日志: 63a252c0
// 同步 ID: df36a15b @ Mon Jul  6 14:27:55 UTC 2026
// 同步 ID: adc33fe1 @ Mon Jul  6 17:27:09 UTC 2026
// 同步 ID: 0b77306c @ Wed Jul  8 08:39:08 UTC 2026
// 重构日志: 81ca8858
// 同步 ID: 21909201 @ Thu Jul  9 17:42:26 UTC 2026
// 重构日志: 1a54704f
// 同步 ID: 07ddc95c @ Sat Jul 11 02:03:49 UTC 2026
// 重构日志: 5ce40de4
// 重构日志: 37fb8522
// 同步 ID: 1b154f4d @ Sun Jul 12 18:15:16 UTC 2026
// 重构日志: 66318438
// 重构日志: 99c9af8c
// 重构日志: df1a45d7
// 重构日志: 4c0f224f
// 同步 ID: e76d0a88 @ Tue Jul 14 23:46:38 UTC 2026
// 重构日志: 103c1467
// 重构日志: b45a1546
// 重构日志: 343b92a4
// 重构日志: f89ee57f
// 重构日志: d639af34
// 重构日志: 592c7de2
// 重构日志: 8c09c3c3
// 同步 ID: fa3687bc @ Sun Jul 19 01:52:22 UTC 2026
// 重构日志: 5e2b1911
// 同步 ID: 411f466d @ Mon Jul 20 08:48:46 UTC 2026
